<?xml version="1.0" encoding="UTF-8"?>
<!-- Generated by org.testng.reporters.JUnitReportReporter -->
<testsuite hostname="DESKTOP-VKAP99P" failures="0" tests="1" name="ListenerPackage.ListenerPractice" time="13.227" errors="0" timestamp="2019-12-27T01:46:11 CST" skipped="0">
  <testcase classname="ListenerPackage.ListenerPractice" name="googlePageTitle" time="13.227"/>
</testsuite> <!-- ListenerPackage.ListenerPractice -->
