<?xml version="1.0" encoding="UTF-8"?>
<!-- Generated by org.testng.reporters.JUnitReportReporter -->
<testsuite hostname="DESKTOP-VKAP99P" failures="0" tests="3" name="WikipediaSearch.Wiki.OnlineRegistrationTest" time="0.013" errors="0" timestamp="2020-01-02T21:53:20 CST" skipped="0">
  <testcase classname="WikipediaSearch.Wiki.OnlineRegistrationTest" name="LogIn" time="0.011"/>
  <testcase classname="WikipediaSearch.Wiki.OnlineRegistrationTest" name="EnterCredentials" time="0.001"/>
  <testcase classname="WikipediaSearch.Wiki.OnlineRegistrationTest" name="Checkout" time="0.001"/>
</testsuite> <!-- WikipediaSearch.Wiki.OnlineRegistrationTest -->
